<?xml version="1.0" encoding="UTF-8"?>

<mule xmlns="http://www.mulesoft.org/schema/mule/core"
      xmlns:xsi="http://www.w3.org/2001/XMLSchema-instance"
      xmlns:hz="http://www.mulesoft.org/schema/mule/hz"
      xmlns:spring="http://www.springframework.org/schema/beans"
      xmlns:vm="http://www.mulesoft.org/schema/mule/vm"
      xmlns:test="http://www.mulesoft.org/schema/mule/test"
      xsi:schemaLocation="
       http://www.mulesoft.org/schema/mule/core http://www.mulesoft.org/schema/mule/core/3.3/mule.xsd
       http://www.mulesoft.org/schema/mule/hz META-INF/mule-hz.xsd
       http://www.springframework.org/schema/beans http://www.springframework.org/schema/beans/spring-beans.xsd
       http://www.mulesoft.org/schema/mule/vm http://www.mulesoft.org/schema/mule/vm/3.3/mule-vm.xsd
       http://www.mulesoft.org/schema/mule/test http://www.mulesoft.org/schema/mule/test/current/mule-test.xsd">


    <spring:beans>
        <spring:import resource="spring-hazelcast.xml" />
    </spring:beans>

    <custom-transformer name="responseMessageTransformer"
                        class="com.mule.transport.hz.transformer.HzMapResponseMessageTransformer">
        <spring:property name="mapName" value="submitOrder_C" />
    </custom-transformer>

    <hz:connector name="hzConnectorIN" hzInstance-ref="hzInstance" />
    <hz:connector name="hzConnector2" hzInstance-ref="hzInstance" />





    <flow name="OnExceptionRedeliveryFlow">
        <hz:inbound-endpoint address="hz://queue/submitOrder_RD_Q"  connector-ref="hzConnectorIN">
            <custom-transaction action="ALWAYS_BEGIN" factory-class="com.mule.transport.hz.HzTransactionFactory"/>
        </hz:inbound-endpoint>
        <log-component/>

        <choice>
            <when>
                <expression-filter evaluator="payload-type" expression="com.mule.transport.hz.IMessage"/>
                <test:component throwException="true"/>
                <hz:outbound-endpoint address="hz://queue/submitOrder_RD_Q2"  connector-ref="hzConnectorIN">
                    <custom-transaction action="BEGIN_OR_JOIN" factory-class="com.mule.transport.hz.HzTransactionFactory"/>
                </hz:outbound-endpoint>
            </when>
            <otherwise>
                <!-- The name is invalid so that routing fails and transaction is rolled back -->
                <hz:outbound-endpoint address="hz://invalidURIToHaveTheTXRolledBack"  connector-ref="hzConnectorIN">
                    <custom-transaction action="BEGIN_OR_JOIN" factory-class="com.mule.transport.hz.HzTransactionFactory"/>
                </hz:outbound-endpoint>
            </otherwise>
        </choice>

        <rollback-exception-strategy maxRedeliveryAttempts="5">
            <on-redelivery-attempts-exceeded>
                <hz:outbound-endpoint address="hz://queue/submitOrder_DLQ2"  connector-ref="hzConnectorIN">
                    <custom-transaction action="ALWAYS_JOIN" factory-class="com.mule.transport.hz.HzTransactionFactory"/>
                </hz:outbound-endpoint>
            </on-redelivery-attempts-exceeded>
        </rollback-exception-strategy>

    </flow>

    <flow name="transactionalFailAtEnd">
        <hz:inbound-endpoint address="hz://queue/submitOrder_Q"  connector-ref="hzConnectorIN">
            <custom-transaction action="ALWAYS_BEGIN" factory-class="com.mule.transport.hz.HzTransactionFactory"/>
        </hz:inbound-endpoint>
        <log-component/>

        <choice>
            <when>
                <expression-filter evaluator="payload-type" expression="com.mule.transport.hz.IMessage"/>
                <hz:outbound-endpoint address="hz://queue/submitOrder_Q2"  connector-ref="hzConnectorIN">
                    <custom-transaction action="BEGIN_OR_JOIN" factory-class="com.mule.transport.hz.HzTransactionFactory"/>
                </hz:outbound-endpoint>
                <test:component throwException="true"/>
            </when>
            <otherwise>
                <test:component throwException="true"/>
            </otherwise>
        </choice>
    </flow>


    <flow name="transactionalFailInMiddle">
        <hz:inbound-endpoint address="hz://queue/submitOrder_Q3"  connector-ref="hzConnectorIN">
            <custom-transaction action="ALWAYS_BEGIN" factory-class="com.mule.transport.hz.HzTransactionFactory"/>
        </hz:inbound-endpoint>
        <log-component/>

        <choice>
            <when>
                <expression-filter evaluator="payload-type" expression="com.mule.transport.hz.IMessage"/>
                <test:component throwException="true"/>
                <hz:outbound-endpoint address="hz://queue/submitOrder_Q4"  connector-ref="hzConnectorIN">
                    <custom-transaction action="BEGIN_OR_JOIN" factory-class="com.mule.transport.hz.HzTransactionFactory"/>
                </hz:outbound-endpoint>
            </when>
            <otherwise>
                <test:component throwException="true"/>
            </otherwise>
        </choice>
    </flow>

    <flow name="transactionalFailInTheMiddleWithCatchExceptionStrategy">
        <hz:inbound-endpoint address="hz://queue/submitOrder_Q5"  connector-ref="hzConnectorIN">
            <custom-transaction action="ALWAYS_BEGIN" factory-class="com.mule.transport.hz.HzTransactionFactory"/>
        </hz:inbound-endpoint>
        <log-component/>

        <choice>
            <when>
                <expression-filter evaluator="payload-type" expression="com.mule.transport.hz.IMessage"/>
                <test:component throwException="true"/>

                <hz:outbound-endpoint address="hz://queue/submitOrder_Q6"  connector-ref="hzConnectorIN">
                    <custom-transaction action="BEGIN_OR_JOIN" factory-class="com.mule.transport.hz.HzTransactionFactory"/>
                </hz:outbound-endpoint>

            </when>
            <otherwise>
                <test:component throwException="true"/>
            </otherwise>
        </choice>
        <catch-exception-strategy/>

    </flow>

    <flow name="transactionalFailAtEndWithCatchExceptionStrategy">
        <hz:inbound-endpoint address="hz://queue/submitOrder_Q7"  connector-ref="hzConnectorIN">
            <custom-transaction action="ALWAYS_BEGIN" factory-class="com.mule.transport.hz.HzTransactionFactory"/>
        </hz:inbound-endpoint>
        <log-component/>

        <choice>
            <when>
                <expression-filter evaluator="payload-type" expression="com.mule.transport.hz.IMessage"/>

                <hz:outbound-endpoint address="hz://queue/submitOrder_Q8"  connector-ref="hzConnectorIN">
                    <custom-transaction action="BEGIN_OR_JOIN" factory-class="com.mule.transport.hz.HzTransactionFactory"/>
                </hz:outbound-endpoint>

            </when>
            <otherwise>
                <test:component throwException="true"/>
            </otherwise>
        </choice>
        <test:component throwException="true"/>
        <catch-exception-strategy/>

    </flow>





    <!--<flow name="transactedFlow">-->
        <!--<hz:inbound-endpoint address="hz://queue/submitOrder_Q1" connector-ref="hzConnector2">-->
            <!--<custom-transaction action="ALWAYS_BEGIN" factory-class="com.mule.transport.hz.HzTransactionFactory"/>-->
        <!--</hz:inbound-endpoint>-->
        <!--<log-component/>-->
    <!--</flow>-->

</mule>
